<?xml version="1.0" encoding="UTF-8"?>
<!-- Generated by org.testng.reporters.JUnitXMLReporter -->
<testsuite hostname="Deepeshraghuvanshi" ignored="0" name="Command line test" tests="1" failures="0" timestamp="2020-09-13T00:11:41 IST" time="0.058" errors="0">
  <testcase name="@BeforeMethod Set" time="0.031" classname="com.testrun.SampleTest">
    <failure type="java.lang.NullPointerException">
      <![CDATA[java.lang.NullPointerException
at com.testrun.SampleTest.Set(SampleTest.java:47)
at java.util.ArrayList.forEach(ArrayList.java:1257)
... Removed 40 stack frames]]>
    </failure>
  </testcase> <!-- @BeforeMethod Set -->
  <testcase name="@AfterMethod getResult" time="-1.599936101035E9" classname="com.testrun.SampleTest">
    <skipped/>
  </testcase> <!-- @AfterMethod getResult -->
  <testcase name="testRun" time="0.0" classname="com.testrun.SampleTest">
    <skipped/>
  </testcase> <!-- testRun -->
</testsuite> <!-- Command line test -->
